<?xml version="1.0" encoding="UTF-8"?>
<!-- Generated by org.testng.reporters.JUnitReportReporter -->
<testsuite hostname="LAPTOP-14LBNTKC" failures="0" tests="3" name="gitsample.AutomationTest" time="0.010" errors="0" timestamp="2022-03-08T10:25:48 IST" skipped="0">
  <testcase classname="gitsample.AutomationTest" name="appium" time="0.007"/>
  <system-out/>
  <testcase classname="gitsample.AutomationTest" name="selenium" time="0.002"/>
  <system-out/>
  <testcase classname="gitsample.AutomationTest" name="restAssured" time="0.001"/>
  <system-out/>
</testsuite> <!-- gitsample.AutomationTest -->
