<?xml version="1.0" encoding="UTF-8"?>
<!-- Generated by org.testng.reporters.JUnitReportReporter -->
<testsuite hostname="LAPTOP-14LBNTKC" failures="0" tests="3" name="gitsample.ManualTest" time="0.003" errors="0" timestamp="2022-03-08T10:25:48 IST" skipped="0">
  <testcase classname="gitsample.ManualTest" name="integression" time="0.001"/>
  <system-out/>
  <testcase classname="gitsample.ManualTest" name="functional" time="0.001"/>
  <system-out/>
  <testcase classname="gitsample.ManualTest" name="unit" time="0.001"/>
  <system-out/>
</testsuite> <!-- gitsample.ManualTest -->
