<?xml version="1.0" encoding="UTF-8"?>
<!-- Generated by org.testng.reporters.JUnitReportReporter -->
<testsuite skipped="0" hostname="LAPTOP-14LBNTKC" name="gitsample.ManualTest" tests="3" failures="0" timestamp="2022-03-08T10:46:52 IST" time="0.000" errors="0">
  <testcase name="integression" time="0.000" classname="gitsample.ManualTest"/>
  <system-out/>
  <testcase name="unit" time="0.000" classname="gitsample.ManualTest"/>
  <system-out/>
  <testcase name="functional" time="0.000" classname="gitsample.ManualTest"/>
  <system-out/>
</testsuite> <!-- gitsample.ManualTest -->
