<?xml version="1.0" encoding="UTF-8"?>
<!-- Generated by org.testng.reporters.JUnitReportReporter -->
<testsuite skipped="0" hostname="LAPTOP-14LBNTKC" name="gitsample.AutomationTest" tests="3" failures="0" timestamp="2022-03-08T10:46:52 IST" time="0.007" errors="0">
  <testcase name="appium" time="0.007" classname="gitsample.AutomationTest"/>
  <system-out/>
  <testcase name="restAssured" time="0.000" classname="gitsample.AutomationTest"/>
  <system-out/>
  <testcase name="selenium" time="0.000" classname="gitsample.AutomationTest"/>
  <system-out/>
</testsuite> <!-- gitsample.AutomationTest -->
